<?xml version="1.0" encoding="UTF-8"?>
<!-- Generated by org.testng.reporters.JUnitXMLReporter -->
<testsuite ignored="4" hostname="Kalyani" failures="0" tests="4" name="Default test" time="0.051" errors="0" timestamp="23 Apr 2023 16:57:42 GMT">
  <testcase classname="testcases.CarLoanTest" name="test3" time="0.005"/>
  <testcase classname="testcases.CreditCardTest" name="test4" time="0.001"/>
  <testcase classname="testcases.HomeloanTest" name="test2" time="0.001"/>
  <testcase classname="testcases.HomeloanTest" name="test1" time="0.003"/>
  <testcase classname="testcases.BaseClass" name="@BeforeTest method3" time="0.0">
    <ignored/>
  </testcase> <!-- @BeforeTest method3 -->
  <testcase classname="testcases.BaseClass" name="@BeforeTest method3" time="0.0">
    <ignored/>
  </testcase> <!-- @BeforeTest method3 -->
  <testcase classname="testcases.BaseClass" name="@AfterTest method4" time="0.0">
    <ignored/>
  </testcase> <!-- @AfterTest method4 -->
  <testcase classname="testcases.BaseClass" name="@AfterTest method4" time="0.0">
    <ignored/>
  </testcase> <!-- @AfterTest method4 -->
</testsuite> <!-- Default test -->
