<?xml version="1.0" encoding="UTF-8"?>
<!-- Generated by org.testng.reporters.JUnitXMLReporter -->
<testsuite hostname="Kalyani" ignored="3" name="Test" tests="3" failures="0" timestamp="24 Apr 2023 03:13:48 GMT" time="0.024" errors="0">
  <testcase name="test2" time="0.001" classname="testcases.HomeloanTest"/>
  <testcase name="test3" time="0.001" classname="testcases.CarLoanTest"/>
  <testcase name="test4" time="0.0" classname="testcases.CreditCardTest"/>
  <testcase name="@BeforeTest method3" time="0.0" classname="testcases.BaseClass">
    <ignored/>
  </testcase> <!-- @BeforeTest method3 -->
  <testcase name="@AfterTest method4" time="0.0" classname="testcases.BaseClass">
    <ignored/>
  </testcase> <!-- @AfterTest method4 -->
  <testcase name="test1" time="0.0" classname="testcases.HomeloanTest">
    <ignored/>
  </testcase> <!-- test1 -->
</testsuite> <!-- Test -->
