<?xml version="1.0" encoding="UTF-8"?>
<testng-results ignored="3" total="6" passed="3" failed="0" skipped="0">
  <reporter-output>
  </reporter-output>
  <suite started-at="2023-04-27T04:59:42Z" name="Suite" finished-at="2023-04-27T04:59:42Z" duration-ms="23">
    <groups>
      <group name="sanity">
        <method signature="CreditCardTest.test4()[pri:0, instance:testcases.CreditCardTest@225129c]" name="test4" class="testcases.CreditCardTest"/>
        <method signature="HomeloanTest.test2()[pri:0, instance:testcases.HomeloanTest@41005828]" name="test2" class="testcases.HomeloanTest"/>
      </group> <!-- sanity -->
    </groups>
    <test started-at="2023-04-27T04:59:42Z" name="Test" finished-at="2023-04-27T04:59:42Z" duration-ms="23">
      <class name="testcases.CarLoanTest">
        <test-method signature="test3()[pri:0, instance:testcases.CarLoanTest@41294f8]" started-at="2023-04-27T04:59:42Z" name="test3" finished-at="2023-04-27T04:59:42Z" duration-ms="0" status="PASS">
          <reporter-output>
          </reporter-output>
        </test-method> <!-- test3 -->
      </class> <!-- testcases.CarLoanTest -->
      <class name="testcases.CreditCardTest">
        <test-method signature="test4()[pri:0, instance:testcases.CreditCardTest@225129c]" started-at="2023-04-27T04:59:42Z" name="test4" finished-at="2023-04-27T04:59:42Z" duration-ms="1" status="PASS">
          <reporter-output>
          </reporter-output>
        </test-method> <!-- test4 -->
        <test-method is-config="true" signature="method1()[pri:0, instance:testcases.CreditCardTest@225129c]" started-at="2023-04-27T04:59:42Z" name="method1" finished-at="2023-04-27T04:59:42Z" duration-ms="0" status="PASS">
          <reporter-output>
          </reporter-output>
        </test-method> <!-- method1 -->
        <test-method is-config="true" signature="method2()[pri:0, instance:testcases.CreditCardTest@225129c]" started-at="2023-04-27T04:59:42Z" name="method2" finished-at="2023-04-27T04:59:42Z" duration-ms="0" status="PASS">
          <reporter-output>
          </reporter-output>
        </test-method> <!-- method2 -->
      </class> <!-- testcases.CreditCardTest -->
      <class name="testcases.HomeloanTest">
        <test-method is-config="true" signature="method3()[pri:0, instance:testcases.HomeloanTest@41005828]" started-at="2023-04-27T04:59:42Z" name="method3" finished-at="2023-04-27T04:59:42Z" duration-ms="7" status="PASS">
          <reporter-output>
          </reporter-output>
        </test-method> <!-- method3 -->
        <test-method signature="test2()[pri:0, instance:testcases.HomeloanTest@41005828]" started-at="2023-04-27T04:59:42Z" name="test2" finished-at="2023-04-27T04:59:42Z" duration-ms="0" status="PASS">
          <reporter-output>
          </reporter-output>
        </test-method> <!-- test2 -->
        <test-method is-config="true" signature="method1()[pri:0, instance:testcases.HomeloanTest@41005828]" started-at="2023-04-27T04:59:42Z" name="method1" finished-at="2023-04-27T04:59:42Z" duration-ms="0" status="PASS">
          <reporter-output>
          </reporter-output>
        </test-method> <!-- method1 -->
        <test-method is-config="true" signature="method2()[pri:0, instance:testcases.HomeloanTest@41005828]" started-at="2023-04-27T04:59:42Z" name="method2" finished-at="2023-04-27T04:59:42Z" duration-ms="0" status="PASS">
          <reporter-output>
          </reporter-output>
        </test-method> <!-- method2 -->
        <test-method is-config="true" signature="method4()[pri:0, instance:testcases.HomeloanTest@41005828]" started-at="2023-04-27T04:59:42Z" name="method4" finished-at="2023-04-27T04:59:42Z" duration-ms="0" status="PASS">
          <reporter-output>
          </reporter-output>
        </test-method> <!-- method4 -->
      </class> <!-- testcases.HomeloanTest -->
    </test> <!-- Test -->
  </suite> <!-- Suite -->
</testng-results>
