<?xml version="1.0" encoding="UTF-8"?>
<testng-results ignored="4" total="8" passed="4" failed="0" skipped="0">
  <reporter-output>
  </reporter-output>
  <suite started-at="2023-04-23T16:57:42Z" name="Default suite" finished-at="2023-04-23T16:57:42Z" duration-ms="51">
    <groups>
      <group name="sanity">
        <method signature="HomeloanTest.test2()[pri:0, instance:testcases.HomeloanTest@4278284b]" name="test2" class="testcases.HomeloanTest"/>
        <method signature="CreditCardTest.test4()[pri:0, instance:testcases.CreditCardTest@18e36d14]" name="test4" class="testcases.CreditCardTest"/>
      </group> <!-- sanity -->
    </groups>
    <test started-at="2023-04-23T16:57:42Z" name="Default test" finished-at="2023-04-23T16:57:42Z" duration-ms="51">
      <class name="testcases.CarLoanTest">
        <test-method signature="test3()[pri:0, instance:testcases.CarLoanTest@75d2da2d]" started-at="2023-04-23T16:57:42Z" name="test3" finished-at="2023-04-23T16:57:42Z" duration-ms="5" status="PASS">
          <reporter-output>
          </reporter-output>
        </test-method> <!-- test3 -->
      </class> <!-- testcases.CarLoanTest -->
      <class name="testcases.CreditCardTest">
        <test-method is-config="true" signature="method3()[pri:0, instance:testcases.CreditCardTest@18e36d14]" started-at="2023-04-23T16:57:42Z" name="method3" finished-at="2023-04-23T16:57:42Z" duration-ms="8" status="PASS">
          <reporter-output>
          </reporter-output>
        </test-method> <!-- method3 -->
        <test-method is-config="true" signature="method1()[pri:0, instance:testcases.CreditCardTest@18e36d14]" started-at="2023-04-23T16:57:42Z" name="method1" finished-at="2023-04-23T16:57:42Z" duration-ms="0" status="PASS">
          <reporter-output>
          </reporter-output>
        </test-method> <!-- method1 -->
        <test-method signature="test4()[pri:0, instance:testcases.CreditCardTest@18e36d14]" started-at="2023-04-23T16:57:42Z" name="test4" finished-at="2023-04-23T16:57:42Z" duration-ms="1" status="PASS">
          <reporter-output>
          </reporter-output>
        </test-method> <!-- test4 -->
        <test-method is-config="true" signature="method2()[pri:0, instance:testcases.CreditCardTest@18e36d14]" started-at="2023-04-23T16:57:42Z" name="method2" finished-at="2023-04-23T16:57:42Z" duration-ms="0" status="PASS">
          <reporter-output>
          </reporter-output>
        </test-method> <!-- method2 -->
        <test-method is-config="true" signature="method4()[pri:0, instance:testcases.CreditCardTest@18e36d14]" started-at="2023-04-23T16:57:42Z" name="method4" finished-at="2023-04-23T16:57:42Z" duration-ms="0" status="PASS">
          <reporter-output>
          </reporter-output>
        </test-method> <!-- method4 -->
      </class> <!-- testcases.CreditCardTest -->
      <class name="testcases.HomeloanTest">
        <test-method is-config="true" signature="method1()[pri:0, instance:testcases.HomeloanTest@4278284b]" started-at="2023-04-23T16:57:42Z" name="method1" finished-at="2023-04-23T16:57:42Z" duration-ms="0" status="PASS">
          <reporter-output>
          </reporter-output>
        </test-method> <!-- method1 -->
        <test-method signature="test2()[pri:0, instance:testcases.HomeloanTest@4278284b]" started-at="2023-04-23T16:57:42Z" name="test2" finished-at="2023-04-23T16:57:42Z" duration-ms="1" status="PASS">
          <reporter-output>
          </reporter-output>
        </test-method> <!-- test2 -->
        <test-method is-config="true" signature="method2()[pri:0, instance:testcases.HomeloanTest@4278284b]" started-at="2023-04-23T16:57:42Z" name="method2" finished-at="2023-04-23T16:57:42Z" duration-ms="0" status="PASS">
          <reporter-output>
          </reporter-output>
        </test-method> <!-- method2 -->
        <test-method is-config="true" signature="method1()[pri:0, instance:testcases.HomeloanTest@4278284b]" started-at="2023-04-23T16:57:42Z" name="method1" finished-at="2023-04-23T16:57:42Z" duration-ms="0" status="PASS">
          <reporter-output>
          </reporter-output>
        </test-method> <!-- method1 -->
        <test-method signature="test1()[pri:0, instance:testcases.HomeloanTest@4278284b]" started-at="2023-04-23T16:57:42Z" name="test1" finished-at="2023-04-23T16:57:42Z" depends-on-methods="testcases.HomeloanTest.test2" duration-ms="3" status="PASS">
          <reporter-output>
          </reporter-output>
        </test-method> <!-- test1 -->
        <test-method is-config="true" signature="method2()[pri:0, instance:testcases.HomeloanTest@4278284b]" started-at="2023-04-23T16:57:42Z" name="method2" finished-at="2023-04-23T16:57:42Z" duration-ms="0" status="PASS">
          <reporter-output>
          </reporter-output>
        </test-method> <!-- method2 -->
      </class> <!-- testcases.HomeloanTest -->
    </test> <!-- Default test -->
  </suite> <!-- Default suite -->
</testng-results>
