<?xml version="1.0" encoding="UTF-8"?>
<testng-results ignored="0" total="3" passed="3" failed="0" skipped="0">
  <reporter-output>
  </reporter-output>
  <suite started-at="2023-05-05T05:03:10Z" name="Default suite" finished-at="2023-05-05T05:03:42Z" duration-ms="31508">
    <groups>
    </groups>
    <test started-at="2023-05-05T05:03:10Z" name="Default test" finished-at="2023-05-05T05:03:42Z" duration-ms="31508">
      <class name="testcases.LoginTest">
        <test-method is-config="true" signature="ReportSetUp()[pri:0, instance:testcases.LoginTest@43b9fd5]" started-at="2023-05-05T05:03:10Z" name="ReportSetUp" finished-at="2023-05-05T05:03:11Z" duration-ms="605" status="PASS">
          <reporter-output>
          </reporter-output>
        </test-method> <!-- ReportSetUp -->
        <test-method is-config="true" signature="SetUp(java.lang.reflect.Method)[pri:0, instance:testcases.LoginTest@43b9fd5]" started-at="2023-05-05T05:03:11Z" name="SetUp" finished-at="2023-05-05T05:03:14Z" duration-ms="3423" status="PASS">
          <params>
            <param index="0">
              <value>
                <![CDATA[public void testcases.LoginTest.test1()]]>
              </value>
            </param>
          </params>
          <reporter-output>
          </reporter-output>
        </test-method> <!-- SetUp -->
        <test-method signature="test1()[pri:0, instance:testcases.LoginTest@43b9fd5]" started-at="2023-05-05T05:03:14Z" name="test1" finished-at="2023-05-05T05:03:23Z" duration-ms="8215" status="PASS">
          <reporter-output>
          </reporter-output>
        </test-method> <!-- test1 -->
        <test-method is-config="true" signature="TearDown()[pri:0, instance:testcases.LoginTest@43b9fd5]" started-at="2023-05-05T05:03:23Z" name="TearDown" finished-at="2023-05-05T05:03:23Z" duration-ms="219" status="PASS">
          <reporter-output>
          </reporter-output>
        </test-method> <!-- TearDown -->
        <test-method is-config="true" signature="SetUp(java.lang.reflect.Method)[pri:0, instance:testcases.LoginTest@43b9fd5]" started-at="2023-05-05T05:03:23Z" name="SetUp" finished-at="2023-05-05T05:03:25Z" duration-ms="2327" status="PASS">
          <params>
            <param index="0">
              <value>
                <![CDATA[public void testcases.LoginTest.test2()]]>
              </value>
            </param>
          </params>
          <reporter-output>
          </reporter-output>
        </test-method> <!-- SetUp -->
        <test-method signature="test2()[pri:0, instance:testcases.LoginTest@43b9fd5]" started-at="2023-05-05T05:03:25Z" name="test2" finished-at="2023-05-05T05:03:32Z" duration-ms="6317" status="PASS">
          <reporter-output>
          </reporter-output>
        </test-method> <!-- test2 -->
        <test-method is-config="true" signature="TearDown()[pri:0, instance:testcases.LoginTest@43b9fd5]" started-at="2023-05-05T05:03:32Z" name="TearDown" finished-at="2023-05-05T05:03:32Z" duration-ms="147" status="PASS">
          <reporter-output>
          </reporter-output>
        </test-method> <!-- TearDown -->
        <test-method is-config="true" signature="SetUp(java.lang.reflect.Method)[pri:0, instance:testcases.LoginTest@43b9fd5]" started-at="2023-05-05T05:03:32Z" name="SetUp" finished-at="2023-05-05T05:03:34Z" duration-ms="2395" status="PASS">
          <params>
            <param index="0">
              <value>
                <![CDATA[public void testcases.LoginTest.test4() throws com.codoid.products.exception.FilloException]]>
              </value>
            </param>
          </params>
          <reporter-output>
          </reporter-output>
        </test-method> <!-- SetUp -->
        <test-method signature="test4()[pri:0, instance:testcases.LoginTest@43b9fd5]" started-at="2023-05-05T05:03:34Z" name="test4" finished-at="2023-05-05T05:03:41Z" duration-ms="7358" status="PASS">
          <reporter-output>
          </reporter-output>
        </test-method> <!-- test4 -->
        <test-method is-config="true" signature="TearDown()[pri:0, instance:testcases.LoginTest@43b9fd5]" started-at="2023-05-05T05:03:41Z" name="TearDown" finished-at="2023-05-05T05:03:42Z" duration-ms="209" status="PASS">
          <reporter-output>
          </reporter-output>
        </test-method> <!-- TearDown -->
        <test-method is-config="true" signature="ReportClean()[pri:0, instance:testcases.LoginTest@43b9fd5]" started-at="2023-05-05T05:03:42Z" name="ReportClean" finished-at="2023-05-05T05:03:42Z" duration-ms="274" status="PASS">
          <reporter-output>
          </reporter-output>
        </test-method> <!-- ReportClean -->
      </class> <!-- testcases.LoginTest -->
    </test> <!-- Default test -->
  </suite> <!-- Default suite -->
</testng-results>
